<?xml version="1.0" encoding="UTF-8"?>
<coverage generated="1644818317298" clover="3.2.0">
  <project timestamp="1644818317298" name="All files">
    <metrics statements="74" coveredstatements="73" conditionals="54" coveredconditionals="52" methods="6" coveredmethods="6" elements="134" coveredelements="131" complexity="0" loc="74" ncloc="74" packages="1" files="1" classes="1"/>
    <file name="index.js" path="F:\WEB Projects\datastructures_algorithms\data_structures\linked_list\index.js">
      <metrics statements="74" coveredstatements="73" conditionals="54" coveredconditionals="52" methods="6" coveredmethods="6"/>
      <line num="3" count="98" type="cond" truecount="2" falsecount="0"/>
      <line num="5" count="67" type="stmt"/>
      <line num="6" count="67" type="stmt"/>
      <line num="9" count="31" type="stmt"/>
      <line num="15" count="51" type="cond" truecount="2" falsecount="0"/>
      <line num="16" count="27" type="stmt"/>
      <line num="18" count="24" type="stmt"/>
      <line num="19" count="24" type="stmt"/>
      <line num="20" count="24" type="stmt"/>
      <line num="26" count="22" type="cond" truecount="2" falsecount="0"/>
      <line num="27" count="1" type="stmt"/>
      <line num="30" count="21" type="cond" truecount="2" falsecount="0"/>
      <line num="31" count="2" type="stmt"/>
      <line num="34" count="19" type="cond" truecount="5" falsecount="0"/>
      <line num="36" count="3" type="stmt"/>
      <line num="39" count="16" type="stmt"/>
      <line num="40" count="16" type="stmt"/>
      <line num="41" count="16" type="stmt"/>
      <line num="42" count="27" type="cond" truecount="4" falsecount="0"/>
      <line num="43" count="23" type="stmt"/>
      <line num="44" count="23" type="stmt"/>
      <line num="46" count="4" type="stmt"/>
      <line num="50" count="12" type="cond" truecount="1" falsecount="1"/>
      <line num="51" count="12" type="stmt"/>
      <line num="56" count="12" type="cond" truecount="2" falsecount="0"/>
      <line num="57" count="1" type="stmt"/>
      <line num="60" count="11" type="cond" truecount="3" falsecount="1"/>
      <line num="61" count="0" type="stmt"/>
      <line num="64" count="11" type="cond" truecount="2" falsecount="0"/>
      <line num="65" count="1" type="stmt"/>
      <line num="66" count="1" type="stmt"/>
      <line num="69" count="10" type="cond" truecount="2" falsecount="0"/>
      <line num="70" count="1" type="stmt"/>
      <line num="71" count="1" type="stmt"/>
      <line num="72" count="1" type="stmt"/>
      <line num="73" count="1" type="stmt"/>
      <line num="76" count="9" type="stmt"/>
      <line num="77" count="9" type="stmt"/>
      <line num="78" count="9" type="stmt"/>
      <line num="79" count="2" type="cond" truecount="4" falsecount="0"/>
      <line num="80" count="1" type="stmt"/>
      <line num="81" count="1" type="stmt"/>
      <line num="83" count="1" type="stmt"/>
      <line num="87" count="8" type="stmt"/>
      <line num="88" count="8" type="cond" truecount="4" falsecount="0"/>
      <line num="90" count="2" type="stmt"/>
      <line num="91" count="2" type="stmt"/>
      <line num="93" count="6" type="stmt"/>
      <line num="94" count="6" type="stmt"/>
      <line num="98" count="7" type="cond" truecount="2" falsecount="0"/>
      <line num="99" count="1" type="stmt"/>
      <line num="100" count="1" type="stmt"/>
      <line num="103" count="6" type="stmt"/>
      <line num="104" count="6" type="stmt"/>
      <line num="105" count="10" type="stmt"/>
      <line num="107" count="6" type="stmt"/>
      <line num="108" count="6" type="stmt"/>
      <line num="112" count="21" type="cond" truecount="2" falsecount="0"/>
      <line num="113" count="1" type="stmt"/>
      <line num="116" count="20" type="cond" truecount="2" falsecount="0"/>
      <line num="117" count="1" type="stmt"/>
      <line num="120" count="19" type="stmt"/>
      <line num="122" count="19" type="stmt"/>
      <line num="123" count="19" type="stmt"/>
      <line num="124" count="15" type="cond" truecount="4" falsecount="0"/>
      <line num="125" count="12" type="stmt"/>
      <line num="126" count="12" type="stmt"/>
      <line num="128" count="3" type="stmt"/>
      <line num="132" count="19" type="cond" truecount="2" falsecount="0"/>
      <line num="134" count="6" type="stmt"/>
      <line num="137" count="19" type="cond" truecount="4" falsecount="0"/>
      <line num="139" count="5" type="stmt"/>
      <line num="142" count="14" type="stmt"/>
      <line num="147" count="1" type="stmt"/>
    </file>
  </project>
</coverage>
