{"F:\\WEB Projects\\datastructures_algorithms\\data_structures\\linked_list\\index.js": {"path":"F:\\WEB Projects\\datastructures_algorithms\\data_structures\\linked_list\\index.js","statementMap":{"0":{"start":{"line":3,"column":4},"end":{"line":10,"column":5}},"1":{"start":{"line":5,"column":6},"end":{"line":5,"column":20}},"2":{"start":{"line":6,"column":6},"end":{"line":6,"column":22}},"3":{"start":{"line":9,"column":6},"end":{"line":9,"column":22}},"4":{"start":{"line":15,"column":4},"end":{"line":21,"column":5}},"5":{"start":{"line":16,"column":6},"end":{"line":16,"column":37}},"6":{"start":{"line":18,"column":19},"end":{"line":18,"column":38}},"7":{"start":{"line":19,"column":6},"end":{"line":19,"column":27}},"8":{"start":{"line":20,"column":6},"end":{"line":20,"column":22}},"9":{"start":{"line":26,"column":4},"end":{"line":28,"column":5}},"10":{"start":{"line":27,"column":6},"end":{"line":27,"column":15}},"11":{"start":{"line":30,"column":4},"end":{"line":32,"column":5}},"12":{"start":{"line":31,"column":6},"end":{"line":31,"column":15}},"13":{"start":{"line":34,"column":4},"end":{"line":37,"column":5}},"14":{"start":{"line":36,"column":6},"end":{"line":36,"column":26}},"15":{"start":{"line":39,"column":12},"end":{"line":39,"column":13}},"16":{"start":{"line":40,"column":14},"end":{"line":40,"column":23}},"17":{"start":{"line":41,"column":4},"end":{"line":48,"column":5}},"18":{"start":{"line":42,"column":6},"end":{"line":47,"column":7}},"19":{"start":{"line":43,"column":8},"end":{"line":43,"column":22}},"20":{"start":{"line":44,"column":8},"end":{"line":44,"column":11}},"21":{"start":{"line":46,"column":8},"end":{"line":46,"column":17}},"22":{"start":{"line":50,"column":4},"end":{"line":52,"column":5}},"23":{"start":{"line":51,"column":6},"end":{"line":51,"column":20}},"24":{"start":{"line":56,"column":4},"end":{"line":58,"column":5}},"25":{"start":{"line":57,"column":6},"end":{"line":57,"column":15}},"26":{"start":{"line":60,"column":4},"end":{"line":62,"column":5}},"27":{"start":{"line":61,"column":6},"end":{"line":61,"column":12}},"28":{"start":{"line":64,"column":4},"end":{"line":67,"column":5}},"29":{"start":{"line":65,"column":6},"end":{"line":65,"column":37}},"30":{"start":{"line":66,"column":6},"end":{"line":66,"column":12}},"31":{"start":{"line":69,"column":4},"end":{"line":74,"column":5}},"32":{"start":{"line":70,"column":19},"end":{"line":70,"column":38}},"33":{"start":{"line":71,"column":6},"end":{"line":71,"column":27}},"34":{"start":{"line":72,"column":6},"end":{"line":72,"column":22}},"35":{"start":{"line":73,"column":6},"end":{"line":73,"column":12}},"36":{"start":{"line":76,"column":12},"end":{"line":76,"column":13}},"37":{"start":{"line":77,"column":14},"end":{"line":77,"column":23}},"38":{"start":{"line":78,"column":4},"end":{"line":85,"column":5}},"39":{"start":{"line":79,"column":6},"end":{"line":84,"column":7}},"40":{"start":{"line":80,"column":8},"end":{"line":80,"column":22}},"41":{"start":{"line":81,"column":8},"end":{"line":81,"column":11}},"42":{"start":{"line":83,"column":8},"end":{"line":83,"column":14}},"43":{"start":{"line":87,"column":17},"end":{"line":87,"column":36}},"44":{"start":{"line":88,"column":4},"end":{"line":92,"column":5}},"45":{"start":{"line":90,"column":6},"end":{"line":90,"column":21}},"46":{"start":{"line":91,"column":6},"end":{"line":91,"column":12}},"47":{"start":{"line":93,"column":4},"end":{"line":93,"column":24}},"48":{"start":{"line":94,"column":4},"end":{"line":94,"column":19}},"49":{"start":{"line":98,"column":4},"end":{"line":101,"column":5}},"50":{"start":{"line":99,"column":6},"end":{"line":99,"column":25}},"51":{"start":{"line":100,"column":6},"end":{"line":100,"column":12}},"52":{"start":{"line":103,"column":14},"end":{"line":103,"column":23}},"53":{"start":{"line":104,"column":4},"end":{"line":106,"column":5}},"54":{"start":{"line":105,"column":6},"end":{"line":105,"column":20}},"55":{"start":{"line":107,"column":17},"end":{"line":107,"column":36}},"56":{"start":{"line":108,"column":4},"end":{"line":108,"column":19}},"57":{"start":{"line":112,"column":4},"end":{"line":114,"column":5}},"58":{"start":{"line":113,"column":6},"end":{"line":113,"column":15}},"59":{"start":{"line":116,"column":4},"end":{"line":118,"column":5}},"60":{"start":{"line":117,"column":6},"end":{"line":117,"column":12}},"61":{"start":{"line":120,"column":14},"end":{"line":120,"column":23}},"62":{"start":{"line":122,"column":12},"end":{"line":122,"column":13}},"63":{"start":{"line":123,"column":4},"end":{"line":130,"column":5}},"64":{"start":{"line":124,"column":6},"end":{"line":129,"column":7}},"65":{"start":{"line":125,"column":8},"end":{"line":125,"column":22}},"66":{"start":{"line":126,"column":8},"end":{"line":126,"column":11}},"67":{"start":{"line":128,"column":8},"end":{"line":128,"column":13}},"68":{"start":{"line":132,"column":4},"end":{"line":135,"column":5}},"69":{"start":{"line":134,"column":6},"end":{"line":134,"column":32}},"70":{"start":{"line":137,"column":4},"end":{"line":143,"column":5}},"71":{"start":{"line":139,"column":6},"end":{"line":139,"column":30}},"72":{"start":{"line":142,"column":6},"end":{"line":142,"column":21}},"73":{"start":{"line":147,"column":0},"end":{"line":147,"column":27}}},"fnMap":{"0":{"name":"(anonymous_0)","decl":{"start":{"line":2,"column":2},"end":{"line":2,"column":3}},"loc":{"start":{"line":2,"column":26},"end":{"line":11,"column":3}},"line":2},"1":{"name":"(anonymous_1)","decl":{"start":{"line":13,"column":2},"end":{"line":13,"column":3}},"loc":{"start":{"line":13,"column":17},"end":{"line":22,"column":3}},"line":13},"2":{"name":"(anonymous_2)","decl":{"start":{"line":24,"column":2},"end":{"line":24,"column":3}},"loc":{"start":{"line":24,"column":13},"end":{"line":53,"column":3}},"line":24},"3":{"name":"(anonymous_3)","decl":{"start":{"line":55,"column":2},"end":{"line":55,"column":3}},"loc":{"start":{"line":55,"column":25},"end":{"line":95,"column":3}},"line":55},"4":{"name":"(anonymous_4)","decl":{"start":{"line":97,"column":2},"end":{"line":97,"column":3}},"loc":{"start":{"line":97,"column":17},"end":{"line":109,"column":3}},"line":97},"5":{"name":"(anonymous_5)","decl":{"start":{"line":111,"column":2},"end":{"line":111,"column":3}},"loc":{"start":{"line":111,"column":23},"end":{"line":144,"column":3}},"line":111}},"branchMap":{"0":{"loc":{"start":{"line":2,"column":14},"end":{"line":2,"column":24}},"type":"default-arg","locations":[{"start":{"line":2,"column":20},"end":{"line":2,"column":24}}],"line":2},"1":{"loc":{"start":{"line":3,"column":4},"end":{"line":10,"column":5}},"type":"if","locations":[{"start":{"line":3,"column":4},"end":{"line":10,"column":5}},{"start":{"line":7,"column":11},"end":{"line":10,"column":5}}],"line":3},"2":{"loc":{"start":{"line":15,"column":4},"end":{"line":21,"column":5}},"type":"if","locations":[{"start":{"line":15,"column":4},"end":{"line":21,"column":5}},{"start":{"line":17,"column":11},"end":{"line":21,"column":5}}],"line":15},"3":{"loc":{"start":{"line":26,"column":4},"end":{"line":28,"column":5}},"type":"if","locations":[{"start":{"line":26,"column":4},"end":{"line":28,"column":5}},{"start":{},"end":{}}],"line":26},"4":{"loc":{"start":{"line":30,"column":4},"end":{"line":32,"column":5}},"type":"if","locations":[{"start":{"line":30,"column":4},"end":{"line":32,"column":5}},{"start":{},"end":{}}],"line":30},"5":{"loc":{"start":{"line":34,"column":4},"end":{"line":37,"column":5}},"type":"if","locations":[{"start":{"line":34,"column":4},"end":{"line":37,"column":5}},{"start":{},"end":{}}],"line":34},"6":{"loc":{"start":{"line":34,"column":8},"end":{"line":34,"column":51}},"type":"binary-expr","locations":[{"start":{"line":34,"column":8},"end":{"line":34,"column":17}},{"start":{"line":34,"column":21},"end":{"line":34,"column":36}},{"start":{"line":34,"column":40},"end":{"line":34,"column":51}}],"line":34},"7":{"loc":{"start":{"line":42,"column":6},"end":{"line":47,"column":7}},"type":"if","locations":[{"start":{"line":42,"column":6},"end":{"line":47,"column":7}},{"start":{"line":45,"column":13},"end":{"line":47,"column":7}}],"line":42},"8":{"loc":{"start":{"line":42,"column":10},"end":{"line":42,"column":25}},"type":"binary-expr","locations":[{"start":{"line":42,"column":10},"end":{"line":42,"column":13}},{"start":{"line":42,"column":17},"end":{"line":42,"column":25}}],"line":42},"9":{"loc":{"start":{"line":50,"column":4},"end":{"line":52,"column":5}},"type":"if","locations":[{"start":{"line":50,"column":4},"end":{"line":52,"column":5}},{"start":{},"end":{}}],"line":50},"10":{"loc":{"start":{"line":56,"column":4},"end":{"line":58,"column":5}},"type":"if","locations":[{"start":{"line":56,"column":4},"end":{"line":58,"column":5}},{"start":{},"end":{}}],"line":56},"11":{"loc":{"start":{"line":60,"column":4},"end":{"line":62,"column":5}},"type":"if","locations":[{"start":{"line":60,"column":4},"end":{"line":62,"column":5}},{"start":{},"end":{}}],"line":60},"12":{"loc":{"start":{"line":60,"column":8},"end":{"line":60,"column":31}},"type":"binary-expr","locations":[{"start":{"line":60,"column":8},"end":{"line":60,"column":18}},{"start":{"line":60,"column":22},"end":{"line":60,"column":31}}],"line":60},"13":{"loc":{"start":{"line":64,"column":4},"end":{"line":67,"column":5}},"type":"if","locations":[{"start":{"line":64,"column":4},"end":{"line":67,"column":5}},{"start":{},"end":{}}],"line":64},"14":{"loc":{"start":{"line":69,"column":4},"end":{"line":74,"column":5}},"type":"if","locations":[{"start":{"line":69,"column":4},"end":{"line":74,"column":5}},{"start":{},"end":{}}],"line":69},"15":{"loc":{"start":{"line":79,"column":6},"end":{"line":84,"column":7}},"type":"if","locations":[{"start":{"line":79,"column":6},"end":{"line":84,"column":7}},{"start":{"line":82,"column":13},"end":{"line":84,"column":7}}],"line":79},"16":{"loc":{"start":{"line":79,"column":10},"end":{"line":79,"column":25}},"type":"binary-expr","locations":[{"start":{"line":79,"column":10},"end":{"line":79,"column":13}},{"start":{"line":79,"column":17},"end":{"line":79,"column":25}}],"line":79},"17":{"loc":{"start":{"line":88,"column":4},"end":{"line":92,"column":5}},"type":"if","locations":[{"start":{"line":88,"column":4},"end":{"line":92,"column":5}},{"start":{},"end":{}}],"line":88},"18":{"loc":{"start":{"line":88,"column":8},"end":{"line":88,"column":24}},"type":"binary-expr","locations":[{"start":{"line":88,"column":8},"end":{"line":88,"column":11}},{"start":{"line":88,"column":15},"end":{"line":88,"column":24}}],"line":88},"19":{"loc":{"start":{"line":98,"column":4},"end":{"line":101,"column":5}},"type":"if","locations":[{"start":{"line":98,"column":4},"end":{"line":101,"column":5}},{"start":{},"end":{}}],"line":98},"20":{"loc":{"start":{"line":112,"column":4},"end":{"line":114,"column":5}},"type":"if","locations":[{"start":{"line":112,"column":4},"end":{"line":114,"column":5}},{"start":{},"end":{}}],"line":112},"21":{"loc":{"start":{"line":116,"column":4},"end":{"line":118,"column":5}},"type":"if","locations":[{"start":{"line":116,"column":4},"end":{"line":118,"column":5}},{"start":{},"end":{}}],"line":116},"22":{"loc":{"start":{"line":124,"column":6},"end":{"line":129,"column":7}},"type":"if","locations":[{"start":{"line":124,"column":6},"end":{"line":129,"column":7}},{"start":{"line":127,"column":13},"end":{"line":129,"column":7}}],"line":124},"23":{"loc":{"start":{"line":124,"column":10},"end":{"line":124,"column":25}},"type":"binary-expr","locations":[{"start":{"line":124,"column":10},"end":{"line":124,"column":13}},{"start":{"line":124,"column":17},"end":{"line":124,"column":25}}],"line":124},"24":{"loc":{"start":{"line":132,"column":4},"end":{"line":135,"column":5}},"type":"if","locations":[{"start":{"line":132,"column":4},"end":{"line":135,"column":5}},{"start":{},"end":{}}],"line":132},"25":{"loc":{"start":{"line":137,"column":4},"end":{"line":143,"column":5}},"type":"if","locations":[{"start":{"line":137,"column":4},"end":{"line":143,"column":5}},{"start":{"line":140,"column":11},"end":{"line":143,"column":5}}],"line":137},"26":{"loc":{"start":{"line":137,"column":8},"end":{"line":137,"column":33}},"type":"binary-expr","locations":[{"start":{"line":137,"column":8},"end":{"line":137,"column":16}},{"start":{"line":137,"column":20},"end":{"line":137,"column":33}}],"line":137}},"s":{"0":98,"1":67,"2":67,"3":31,"4":51,"5":27,"6":24,"7":24,"8":24,"9":22,"10":1,"11":21,"12":2,"13":19,"14":3,"15":16,"16":16,"17":16,"18":27,"19":23,"20":23,"21":4,"22":12,"23":12,"24":12,"25":1,"26":11,"27":0,"28":11,"29":1,"30":1,"31":10,"32":1,"33":1,"34":1,"35":1,"36":9,"37":9,"38":9,"39":2,"40":1,"41":1,"42":1,"43":8,"44":8,"45":2,"46":2,"47":6,"48":6,"49":7,"50":1,"51":1,"52":6,"53":6,"54":10,"55":6,"56":6,"57":21,"58":1,"59":20,"60":1,"61":19,"62":19,"63":19,"64":15,"65":12,"66":12,"67":3,"68":19,"69":6,"70":19,"71":5,"72":14,"73":1},"f":{"0":98,"1":51,"2":22,"3":12,"4":7,"5":21},"b":{"0":[31],"1":[67,31],"2":[27,24],"3":[1,21],"4":[2,19],"5":[3,16],"6":[19,19,4],"7":[23,4],"8":[27,27],"9":[12,0],"10":[1,11],"11":[0,11],"12":[11,1],"13":[1,10],"14":[1,9],"15":[1,1],"16":[2,2],"17":[2,6],"18":[8,8],"19":[1,6],"20":[1,20],"21":[1,19],"22":[12,3],"23":[15,15],"24":[6,13],"25":[5,14],"26":[19,11]},"_coverageSchema":"1a1c01bbd47fc00a2c39e90264f33305004495a9","hash":"f4d5b95e77bd1a7734c994983f9911aa590d4d27"}
}
