TN:
SF:data_structures\linked_list\index.js
FN:2,(anonymous_0)
FN:13,(anonymous_1)
FN:24,(anonymous_2)
FN:55,(anonymous_3)
FN:97,(anonymous_4)
FN:111,(anonymous_5)
FNF:6
FNH:6
FNDA:98,(anonymous_0)
FNDA:51,(anonymous_1)
FNDA:22,(anonymous_2)
FNDA:12,(anonymous_3)
FNDA:7,(anonymous_4)
FNDA:21,(anonymous_5)
DA:3,98
DA:5,67
DA:6,67
DA:9,31
DA:15,51
DA:16,27
DA:18,24
DA:19,24
DA:20,24
DA:26,22
DA:27,1
DA:30,21
DA:31,2
DA:34,19
DA:36,3
DA:39,16
DA:40,16
DA:41,16
DA:42,27
DA:43,23
DA:44,23
DA:46,4
DA:50,12
DA:51,12
DA:56,12
DA:57,1
DA:60,11
DA:61,0
DA:64,11
DA:65,1
DA:66,1
DA:69,10
DA:70,1
DA:71,1
DA:72,1
DA:73,1
DA:76,9
DA:77,9
DA:78,9
DA:79,2
DA:80,1
DA:81,1
DA:83,1
DA:87,8
DA:88,8
DA:90,2
DA:91,2
DA:93,6
DA:94,6
DA:98,7
DA:99,1
DA:100,1
DA:103,6
DA:104,6
DA:105,10
DA:107,6
DA:108,6
DA:112,21
DA:113,1
DA:116,20
DA:117,1
DA:120,19
DA:122,19
DA:123,19
DA:124,15
DA:125,12
DA:126,12
DA:128,3
DA:132,19
DA:134,6
DA:137,19
DA:139,5
DA:142,14
DA:147,1
LF:74
LH:73
BRDA:2,0,0,31
BRDA:3,1,0,67
BRDA:3,1,1,31
BRDA:15,2,0,27
BRDA:15,2,1,24
BRDA:26,3,0,1
BRDA:26,3,1,21
BRDA:30,4,0,2
BRDA:30,4,1,19
BRDA:34,5,0,3
BRDA:34,5,1,16
BRDA:34,6,0,19
BRDA:34,6,1,19
BRDA:34,6,2,4
BRDA:42,7,0,23
BRDA:42,7,1,4
BRDA:42,8,0,27
BRDA:42,8,1,27
BRDA:50,9,0,12
BRDA:50,9,1,0
BRDA:56,10,0,1
BRDA:56,10,1,11
BRDA:60,11,0,0
BRDA:60,11,1,11
BRDA:60,12,0,11
BRDA:60,12,1,1
BRDA:64,13,0,1
BRDA:64,13,1,10
BRDA:69,14,0,1
BRDA:69,14,1,9
BRDA:79,15,0,1
BRDA:79,15,1,1
BRDA:79,16,0,2
BRDA:79,16,1,2
BRDA:88,17,0,2
BRDA:88,17,1,6
BRDA:88,18,0,8
BRDA:88,18,1,8
BRDA:98,19,0,1
BRDA:98,19,1,6
BRDA:112,20,0,1
BRDA:112,20,1,20
BRDA:116,21,0,1
BRDA:116,21,1,19
BRDA:124,22,0,12
BRDA:124,22,1,3
BRDA:124,23,0,15
BRDA:124,23,1,15
BRDA:132,24,0,6
BRDA:132,24,1,13
BRDA:137,25,0,5
BRDA:137,25,1,14
BRDA:137,26,0,19
BRDA:137,26,1,11
BRF:54
BRH:52
end_of_record
